[0m[[0m[0mdebug[0m] [0m[0m> Exec(compile, Some(a90ccfbc-32f3-4ac5-b61b-7d76633493c9), Some(CommandSource(console0)))[0m[0J
[0m[[0m[0mdebug[0m] [0m[0mEvaluating tasks: Compile / compile[0m[0J
[0m[[0m[0mdebug[0m] [0m[0mRunning task... Cancel: Signal, check cycles: false, forcegc: true[0m[0J
[0m[[0m[33mwarn[0m] [0m[0m[0m[0J
[0m[[0m[33mwarn[0m] [0m[0m	Note: Some unresolved dependencies have extra attributes.  Check that these dependencies exist with the requested attributes.[0m[0J
[0m[[0m[33mwarn[0m] [0m[0m		com.github.sbt:sbt-jacoco:3.2.0 (sbtVersion=1.0, scalaVersion=2.12)[0m[0J
[0m[[0m[33mwarn[0m] [0m[0m		com.typesafe.sbteclipse:sbteclipse-plugin:5.2.4 (sbtVersion=1.0, scalaVersion=2.12)[0m[0J
[0m[[0m[33mwarn[0m] [0m[0m		com.typesafe.play:sbt-plugin:2.8.2 (sbtVersion=1.0, scalaVersion=2.12)[0m[0J
[0m[[0m[33mwarn[0m] [0m[0m[0m[0J
[0m[[0m[33mwarn[0m] [0m[0m	Note: Unresolved dependencies path:[0m[0J
[0m[[0m[31merror[0m] [0m[0msbt.librarymanagement.ResolveException: Error downloading com.github.sbt:sbt-jacoco;sbtVersion=1.0;scalaVersion=2.12:3.2.0[0m[0J
[0m[[0m[31merror[0m] [0m[0m  Not found[0m[0J
[0m[[0m[31merror[0m] [0m[0m  Not found[0m[0J
[0m[[0m[31merror[0m] [0m[0m  not found: C:\Users\memar\.ivy2\local\com.github.sbt\sbt-jacoco\scala_2.12\sbt_1.0\3.2.0\ivys\ivy.xml[0m[0J
[0m[[0m[31merror[0m] [0m[0m  not found: https://repo1.maven.org/maven2/com/github/sbt/sbt-jacoco_2.12_1.0/3.2.0/sbt-jacoco-3.2.0.pom[0m[0J
[0m[[0m[31merror[0m] [0m[0mError downloading com.typesafe.sbteclipse:sbteclipse-plugin;sbtVersion=1.0;scalaVersion=2.12:5.2.4[0m[0J
[0m[[0m[31merror[0m] [0m[0m  Not found[0m[0J
[0m[[0m[31merror[0m] [0m[0m  Not found[0m[0J
[0m[[0m[31merror[0m] [0m[0m  not found: C:\Users\memar\.ivy2\local\com.typesafe.sbteclipse\sbteclipse-plugin\scala_2.12\sbt_1.0\5.2.4\ivys\ivy.xml[0m[0J
[0m[[0m[31merror[0m] [0m[0m  not found: https://repo1.maven.org/maven2/com/typesafe/sbteclipse/sbteclipse-plugin_2.12_1.0/5.2.4/sbteclipse-plugin-5.2.4.pom[0m[0J
[0m[[0m[31merror[0m] [0m[0mError downloading com.typesafe.play:sbt-plugin;sbtVersion=1.0;scalaVersion=2.12:2.8.2[0m[0J
[0m[[0m[31merror[0m] [0m[0m  Not found[0m[0J
[0m[[0m[31merror[0m] [0m[0m  Not found[0m[0J
[0m[[0m[31merror[0m] [0m[0m  not found: C:\Users\memar\.ivy2\local\com.typesafe.play\sbt-plugin\scala_2.12\sbt_1.0\2.8.2\ivys\ivy.xml[0m[0J
[0m[[0m[31merror[0m] [0m[0m  not found: https://repo1.maven.org/maven2/com/typesafe/play/sbt-plugin_2.12_1.0/2.8.2/sbt-plugin-2.8.2.pom[0m[0J
[0m[[0m[31merror[0m] [0m[0m	at lmcoursier.CoursierDependencyResolution.unresolvedWarningOrThrow(CoursierDependencyResolution.scala:258)[0m[0J
[0m[[0m[31merror[0m] [0m[0m	at lmcoursier.CoursierDependencyResolution.$anonfun$update$38(CoursierDependencyResolution.scala:227)[0m[0J
[0m[[0m[31merror[0m] [0m[0m	at scala.util.Either$LeftProjection.map(Either.scala:573)[0m[0J
[0m[[0m[31merror[0m] [0m[0m	at lmcoursier.CoursierDependencyResolution.update(CoursierDependencyResolution.scala:227)[0m[0J
[0m[[0m[31merror[0m] [0m[0m	at sbt.librarymanagement.DependencyResolution.update(DependencyResolution.scala:60)[0m[0J
[0m[[0m[31merror[0m] [0m[0m	at sbt.internal.LibraryManagement$.resolve$1(LibraryManagement.scala:53)[0m[0J
[0m[[0m[31merror[0m] [0m[0m	at sbt.internal.LibraryManagement$.$anonfun$cachedUpdate$12(LibraryManagement.scala:103)[0m[0J
[0m[[0m[31merror[0m] [0m[0m	at sbt.util.Tracked$.$anonfun$lastOutput$1(Tracked.scala:73)[0m[0J
[0m[[0m[31merror[0m] [0m[0m	at sbt.internal.LibraryManagement$.$anonfun$cachedUpdate$20(LibraryManagement.scala:116)[0m[0J
[0m[[0m[31merror[0m] [0m[0m	at scala.util.control.Exception$Catch.apply(Exception.scala:228)[0m[0J
[0m[[0m[31merror[0m] [0m[0m	at sbt.internal.LibraryManagement$.$anonfun$cachedUpdate$11(LibraryManagement.scala:116)[0m[0J
[0m[[0m[31merror[0m] [0m[0m	at sbt.internal.LibraryManagement$.$anonfun$cachedUpdate$11$adapted(LibraryManagement.scala:97)[0m[0J
[0m[[0m[31merror[0m] [0m[0m	at sbt.util.Tracked$.$anonfun$inputChangedW$1(Tracked.scala:219)[0m[0J
[0m[[0m[31merror[0m] [0m[0m	at sbt.internal.LibraryManagement$.cachedUpdate(LibraryManagement.scala:130)[0m[0J
[0m[[0m[31merror[0m] [0m[0m	at sbt.Classpaths$.$anonfun$updateTask0$5(Defaults.scala:3445)[0m[0J
[0m[[0m[31merror[0m] [0m[0m	at scala.Function1.$anonfun$compose$1(Function1.scala:49)[0m[0J
[0m[[0m[31merror[0m] [0m[0m	at sbt.internal.util.$tilde$greater.$anonfun$$u2219$1(TypeFunctions.scala:62)[0m[0J
[0m[[0m[31merror[0m] [0m[0m	at sbt.std.Transform$$anon$4.work(Transform.scala:68)[0m[0J
[0m[[0m[31merror[0m] [0m[0m	at sbt.Execute.$anonfun$submit$2(Execute.scala:282)[0m[0J
[0m[[0m[31merror[0m] [0m[0m	at sbt.internal.util.ErrorHandling$.wideConvert(ErrorHandling.scala:23)[0m[0J
[0m[[0m[31merror[0m] [0m[0m	at sbt.Execute.work(Execute.scala:291)[0m[0J
[0m[[0m[31merror[0m] [0m[0m	at sbt.Execute.$anonfun$submit$1(Execute.scala:282)[0m[0J
[0m[[0m[31merror[0m] [0m[0m	at sbt.ConcurrentRestrictions$$anon$4.$anonfun$submitValid$1(ConcurrentRestrictions.scala:265)[0m[0J
[0m[[0m[31merror[0m] [0m[0m	at sbt.CompletionService$$anon$2.call(CompletionService.scala:64)[0m[0J
[0m[[0m[31merror[0m] [0m[0m	at java.base/java.util.concurrent.FutureTask.run(FutureTask.java:264)[0m[0J
[0m[[0m[31merror[0m] [0m[0m	at java.base/java.util.concurrent.Executors$RunnableAdapter.call(Executors.java:515)[0m[0J
[0m[[0m[31merror[0m] [0m[0m	at java.base/java.util.concurrent.FutureTask.run(FutureTask.java:264)[0m[0J
[0m[[0m[31merror[0m] [0m[0m	at java.base/java.util.concurrent.ThreadPoolExecutor.runWorker(ThreadPoolExecutor.java:1130)[0m[0J
[0m[[0m[31merror[0m] [0m[0m	at java.base/java.util.concurrent.ThreadPoolExecutor$Worker.run(ThreadPoolExecutor.java:630)[0m[0J
[0m[[0m[31merror[0m] [0m[0m	at java.base/java.lang.Thread.run(Thread.java:832)[0m[0J
[0m[[0m[31merror[0m] [0m[0m([31mupdate[0m) sbt.librarymanagement.ResolveException: Error downloading com.github.sbt:sbt-jacoco;sbtVersion=1.0;scalaVersion=2.12:3.2.0[0m[0J
[0m[[0m[31merror[0m] [0m[0m  Not found[0m[0J
[0m[[0m[31merror[0m] [0m[0m  Not found[0m[0J
[0m[[0m[31merror[0m] [0m[0m  not found: C:\Users\memar\.ivy2\local\com.github.sbt\sbt-jacoco\scala_2.12\sbt_1.0\3.2.0\ivys\ivy.xml[0m[0J
[0m[[0m[31merror[0m] [0m[0m  not found: https://repo1.maven.org/maven2/com/github/sbt/sbt-jacoco_2.12_1.0/3.2.0/sbt-jacoco-3.2.0.pom[0m[0J
[0m[[0m[31merror[0m] [0m[0mError downloading com.typesafe.sbteclipse:sbteclipse-plugin;sbtVersion=1.0;scalaVersion=2.12:5.2.4[0m[0J
[0m[[0m[31merror[0m] [0m[0m  Not found[0m[0J
[0m[[0m[31merror[0m] [0m[0m  Not found[0m[0J
[0m[[0m[31merror[0m] [0m[0m  not found: C:\Users\memar\.ivy2\local\com.typesafe.sbteclipse\sbteclipse-plugin\scala_2.12\sbt_1.0\5.2.4\ivys\ivy.xml[0m[0J
[0m[[0m[31merror[0m] [0m[0m  not found: https://repo1.maven.org/maven2/com/typesafe/sbteclipse/sbteclipse-plugin_2.12_1.0/5.2.4/sbteclipse-plugin-5.2.4.pom[0m[0J
[0m[[0m[31merror[0m] [0m[0mError downloading com.typesafe.play:sbt-plugin;sbtVersion=1.0;scalaVersion=2.12:2.8.2[0m[0J
[0m[[0m[31merror[0m] [0m[0m  Not found[0m[0J
[0m[[0m[31merror[0m] [0m[0m  Not found[0m[0J
[0m[[0m[31merror[0m] [0m[0m  not found: C:\Users\memar\.ivy2\local\com.typesafe.play\sbt-plugin\scala_2.12\sbt_1.0\2.8.2\ivys\ivy.xml[0m[0J
[0m[[0m[31merror[0m] [0m[0m  not found: https://repo1.maven.org/maven2/com/typesafe/play/sbt-plugin_2.12_1.0/2.8.2/sbt-plugin-2.8.2.pom[0m[0J
[0m[[0m[31merror[0m] [0m[0mTotal time: 3 s, completed Oct 28, 2020, 3:28:10 PM[0m[0J
[0m[[0m[0mdebug[0m] [0m[0m> Exec(shell, None, None)[0m[0J
